2021-12-13 09:10:52,573 - Log4JLogChute initialized using file 'target\velocity.log'
2021-12-13 09:10:52,574 - Initializing Velocity, Calling init()...
2021-12-13 09:10:52,574 - Starting Apache Velocity v1.7 (compiled: 2010-11-19 12:14:37)
2021-12-13 09:10:52,574 - Default Properties File: org\apache\velocity\runtime\defaults\velocity.properties
2021-12-13 09:10:52,574 - Trying to use logger class org.apache.velocity.runtime.log.AvalonLogChute
2021-12-13 09:10:52,574 - Target log system for org.apache.velocity.runtime.log.AvalonLogChute is not available (java.lang.NoClassDefFoundError: org/apache/log/format/Formatter).  Falling back to next log system...
2021-12-13 09:10:52,574 - Trying to use logger class org.apache.velocity.runtime.log.Log4JLogChute
2021-12-13 09:10:52,576 - Using logger class org.apache.velocity.runtime.log.Log4JLogChute
2021-12-13 09:10:52,583 - ResourceLoader instantiated: org.apache.velocity.runtime.resource.loader.ClasspathResourceLoader
2021-12-13 09:10:52,609 - ResourceCache: initialized (class org.apache.velocity.runtime.resource.ResourceCacheImpl) with class java.util.Collections$SynchronizedMap cache map.
2021-12-13 09:10:52,613 - Loaded System Directive: org.apache.velocity.runtime.directive.Stop
2021-12-13 09:10:52,615 - Loaded System Directive: org.apache.velocity.runtime.directive.Define
2021-12-13 09:10:52,617 - Loaded System Directive: org.apache.velocity.runtime.directive.Break
2021-12-13 09:10:52,618 - Loaded System Directive: org.apache.velocity.runtime.directive.Evaluate
2021-12-13 09:10:52,619 - Loaded System Directive: org.apache.velocity.runtime.directive.Literal
2021-12-13 09:10:52,622 - Loaded System Directive: org.apache.velocity.runtime.directive.Macro
2021-12-13 09:10:52,624 - Loaded System Directive: org.apache.velocity.runtime.directive.Parse
2021-12-13 09:10:52,627 - Loaded System Directive: org.apache.velocity.runtime.directive.Include
2021-12-13 09:10:52,629 - Loaded System Directive: org.apache.velocity.runtime.directive.Foreach
2021-12-13 09:10:52,705 - Created '20' parsers.
2021-12-13 09:10:52,716 - Velocimacro : "velocimacro.library" is not set.  Trying default library: VM_global_library.vm
2021-12-13 09:10:52,718 - Could not load resource 'VM_global_library.vm' from ResourceLoader org.apache.velocity.runtime.resource.loader.ClasspathResourceLoader: ClasspathResourceLoader Error: cannot find resource VM_global_library.vm
2021-12-13 09:10:52,719 - Velocimacro : Default library not found.
2021-12-13 09:10:52,719 - Velocimacro : allowInline = true : VMs can be defined inline in templates
2021-12-13 09:10:52,719 - Velocimacro : allowInlineToOverride = false : VMs defined inline may NOT replace previous VM definitions
2021-12-13 09:10:52,719 - Velocimacro : allowInlineLocal = false : VMs defined inline will be global in scope if allowed.
2021-12-13 09:10:52,719 - Velocimacro : autoload off : VM system will not automatically reload global library macros
2021-12-13 09:10:52,837 - ResourceManager : found templates/generators/errorpage.vm with loader org.apache.velocity.runtime.resource.loader.ClasspathResourceLoader
2021-12-13 09:10:52,852 - ResourceManager : found /templates/headers.vm with loader org.apache.velocity.runtime.resource.loader.ClasspathResourceLoader
2021-12-13 09:10:52,855 - ResourceManager : found /templates/head.vm with loader org.apache.velocity.runtime.resource.loader.ClasspathResourceLoader
2021-12-13 09:10:52,863 - Velocimacro : added VM stringArray: source=/templates/macros/array.js.vm
2021-12-13 09:10:52,863 - Velocimacro : added VM numberArray: source=/templates/macros/array.js.vm
2021-12-13 09:10:52,863 - ResourceManager : found /templates/macros/array.js.vm with loader org.apache.velocity.runtime.resource.loader.ClasspathResourceLoader
2021-12-13 09:10:52,869 - Velocimacro : added VM includeBuildInfo: source=/templates/macros/page/buildinfo.vm
2021-12-13 09:10:52,869 - ResourceManager : found /templates/macros/page/buildinfo.vm with loader org.apache.velocity.runtime.resource.loader.ClasspathResourceLoader
2021-12-13 09:10:52,882 - Velocimacro : added VM includeClassifications: source=/templates/macros/page/classifications.vm
2021-12-13 09:10:52,882 - ResourceManager : found /templates/macros/page/classifications.vm with loader org.apache.velocity.runtime.resource.loader.ClasspathResourceLoader
2021-12-13 09:10:52,885 - Velocimacro : added VM includeLead: source=/templates/macros/page/lead.vm
2021-12-13 09:10:52,885 - ResourceManager : found /templates/macros/page/lead.vm with loader org.apache.velocity.runtime.resource.loader.ClasspathResourceLoader
2021-12-13 09:10:52,894 - Velocimacro : added VM includeNavigation: source=/templates/macros/page/navigation.vm
2021-12-13 09:10:52,894 - ResourceManager : found /templates/macros/page/navigation.vm with loader org.apache.velocity.runtime.resource.loader.ClasspathResourceLoader
2021-12-13 09:10:52,899 - Velocimacro : added VM includeReportInfo: source=/templates/macros/page/reportInfo.vm
2021-12-13 09:10:52,899 - ResourceManager : found /templates/macros/page/reportInfo.vm with loader org.apache.velocity.runtime.resource.loader.ClasspathResourceLoader
2021-12-13 09:10:52,903 - Velocimacro : added VM includeTitle: source=/templates/macros/page/title.vm
2021-12-13 09:10:52,903 - ResourceManager : found /templates/macros/page/title.vm with loader org.apache.velocity.runtime.resource.loader.ClasspathResourceLoader
2021-12-13 09:10:52,905 - Velocimacro : added VM includeExpandingButtons: source=/templates/macros/report/expandAllButtons.vm
2021-12-13 09:10:52,905 - ResourceManager : found /templates/macros/report/expandAllButtons.vm with loader org.apache.velocity.runtime.resource.loader.ClasspathResourceLoader
2021-12-13 09:10:52,918 - Velocimacro : added VM includeReportTable: source=/templates/macros/report/reportTable.vm
2021-12-13 09:10:52,918 - ResourceManager : found /templates/macros/report/reportTable.vm with loader org.apache.velocity.runtime.resource.loader.ClasspathResourceLoader
2021-12-13 09:10:52,922 - Velocimacro : added VM includeReportHeader: source=/templates/macros/report/reportHeader.vm
2021-12-13 09:10:52,922 - ResourceManager : found /templates/macros/report/reportHeader.vm with loader org.apache.velocity.runtime.resource.loader.ClasspathResourceLoader
2021-12-13 09:10:52,942 - Velocimacro : added VM includeStatsTable: source=/templates/macros/report/statsTable.vm
2021-12-13 09:10:52,942 - ResourceManager : found /templates/macros/report/statsTable.vm with loader org.apache.velocity.runtime.resource.loader.ClasspathResourceLoader
2021-12-13 09:10:52,945 - Velocimacro : added VM includeBrief: source=/templates/macros/json/brief.vm
2021-12-13 09:10:52,945 - ResourceManager : found /templates/macros/json/brief.vm with loader org.apache.velocity.runtime.resource.loader.ClasspathResourceLoader
2021-12-13 09:10:52,948 - Velocimacro : added VM includeDocString: source=/templates/macros/json/docstring.vm
2021-12-13 09:10:52,948 - ResourceManager : found /templates/macros/json/docstring.vm with loader org.apache.velocity.runtime.resource.loader.ClasspathResourceLoader
2021-12-13 09:10:52,951 - Velocimacro : added VM includeDuration: source=/templates/macros/json/duration.vm
2021-12-13 09:10:52,951 - ResourceManager : found /templates/macros/json/duration.vm with loader org.apache.velocity.runtime.resource.loader.ClasspathResourceLoader
2021-12-13 09:10:52,960 - Velocimacro : added VM includeElement: source=/templates/macros/json/element.vm
2021-12-13 09:10:52,960 - ResourceManager : found /templates/macros/json/element.vm with loader org.apache.velocity.runtime.resource.loader.ClasspathResourceLoader
2021-12-13 09:10:52,976 - Velocimacro : added VM includeEmbeddings: source=/templates/macros/json/embeddings.vm
2021-12-13 09:10:52,977 - Velocimacro : added VM includeHtmlEmbedding: source=/templates/macros/json/embeddings.vm
2021-12-13 09:10:52,977 - Velocimacro : added VM includeImageEmbedding: source=/templates/macros/json/embeddings.vm
2021-12-13 09:10:52,977 - Velocimacro : added VM includeImageReferenceEmbedding: source=/templates/macros/json/embeddings.vm
2021-12-13 09:10:52,978 - Velocimacro : added VM includeTextEmbedding: source=/templates/macros/json/embeddings.vm
2021-12-13 09:10:52,978 - Velocimacro : added VM includeUnknownEmbedding: source=/templates/macros/json/embeddings.vm
2021-12-13 09:10:52,978 - ResourceManager : found /templates/macros/json/embeddings.vm with loader org.apache.velocity.runtime.resource.loader.ClasspathResourceLoader
2021-12-13 09:10:52,982 - Velocimacro : added VM includeHooks: source=/templates/macros/json/hooks.vm
2021-12-13 09:10:52,982 - ResourceManager : found /templates/macros/json/hooks.vm with loader org.apache.velocity.runtime.resource.loader.ClasspathResourceLoader
2021-12-13 09:10:52,985 - Velocimacro : added VM includeOutput: source=/templates/macros/json/output.vm
2021-12-13 09:10:52,985 - ResourceManager : found /templates/macros/json/output.vm with loader org.apache.velocity.runtime.resource.loader.ClasspathResourceLoader
2021-12-13 09:10:52,987 - Velocimacro : added VM includeMessage: source=/templates/macros/json/message.vm
2021-12-13 09:10:52,987 - ResourceManager : found /templates/macros/json/message.vm with loader org.apache.velocity.runtime.resource.loader.ClasspathResourceLoader
2021-12-13 09:10:52,992 - Velocimacro : added VM includeSteps: source=/templates/macros/json/steps.vm
2021-12-13 09:10:52,993 - ResourceManager : found /templates/macros/json/steps.vm with loader org.apache.velocity.runtime.resource.loader.ClasspathResourceLoader
2021-12-13 09:10:52,995 - Velocimacro : added VM includeTags: source=/templates/macros/json/tags.vm
2021-12-13 09:10:52,995 - ResourceManager : found /templates/macros/json/tags.vm with loader org.apache.velocity.runtime.resource.loader.ClasspathResourceLoader
2021-12-13 09:10:53,010 - VM #includeNavigation: too few arguments to macro. Wanted 1 got 0
2021-12-13 09:10:53,011 - Left side ($active_tab) of '==' operation has null value. If it is a reference, it may not be in the context or its toString() returned null. /templates/macros/page/navigation.vm[line 14, column 51]
2021-12-13 09:10:53,011 - Left side ($active_tab) of '==' operation has null value. If it is a reference, it may not be in the context or its toString() returned null. /templates/macros/page/navigation.vm[line 15, column 51]
2021-12-13 09:10:53,011 - Left side ($active_tab) of '==' operation has null value. If it is a reference, it may not be in the context or its toString() returned null. /templates/macros/page/navigation.vm[line 16, column 51]
2021-12-13 09:10:53,011 - Left side ($active_tab) of '==' operation has null value. If it is a reference, it may not be in the context or its toString() returned null. /templates/macros/page/navigation.vm[line 20, column 51]
2021-12-13 09:10:53,011 - Null reference [template 'templates/generators/errorpage.vm', line 20, column 85] : $build_number cannot be resolved.
2021-12-13 09:10:53,012 - Null reference [template 'templates/generators/errorpage.vm', line 20, column 85] : $build_number cannot be resolved.
2021-12-13 09:10:53,018 - ResourceManager : found /templates/footer.vm with loader org.apache.velocity.runtime.resource.loader.ClasspathResourceLoader
2021-12-13 09:12:12,861 - Log4JLogChute initialized using file 'target\velocity.log'
2021-12-13 09:12:12,861 - Log4JLogChute initialized using file 'target\velocity.log'
2021-12-13 09:12:12,862 - Initializing Velocity, Calling init()...
2021-12-13 09:12:12,862 - Initializing Velocity, Calling init()...
2021-12-13 09:12:12,862 - Starting Apache Velocity v1.7 (compiled: 2010-11-19 12:14:37)
2021-12-13 09:12:12,862 - Starting Apache Velocity v1.7 (compiled: 2010-11-19 12:14:37)
2021-12-13 09:12:12,862 - Default Properties File: org\apache\velocity\runtime\defaults\velocity.properties
2021-12-13 09:12:12,862 - Default Properties File: org\apache\velocity\runtime\defaults\velocity.properties
2021-12-13 09:12:12,862 - Trying to use logger class org.apache.velocity.runtime.log.AvalonLogChute
2021-12-13 09:12:12,862 - Trying to use logger class org.apache.velocity.runtime.log.AvalonLogChute
2021-12-13 09:12:12,862 - Target log system for org.apache.velocity.runtime.log.AvalonLogChute is not available (java.lang.NoClassDefFoundError: org/apache/log/format/Formatter).  Falling back to next log system...
2021-12-13 09:12:12,862 - Target log system for org.apache.velocity.runtime.log.AvalonLogChute is not available (java.lang.NoClassDefFoundError: org/apache/log/format/Formatter).  Falling back to next log system...
2021-12-13 09:12:12,862 - Trying to use logger class org.apache.velocity.runtime.log.Log4JLogChute
2021-12-13 09:12:12,862 - Trying to use logger class org.apache.velocity.runtime.log.Log4JLogChute
2021-12-13 09:12:12,862 - Using logger class org.apache.velocity.runtime.log.Log4JLogChute
2021-12-13 09:12:12,862 - Using logger class org.apache.velocity.runtime.log.Log4JLogChute
2021-12-13 09:12:12,863 - ResourceLoader instantiated: org.apache.velocity.runtime.resource.loader.ClasspathResourceLoader
2021-12-13 09:12:12,863 - ResourceLoader instantiated: org.apache.velocity.runtime.resource.loader.ClasspathResourceLoader
2021-12-13 09:12:12,863 - ResourceCache: initialized (class org.apache.velocity.runtime.resource.ResourceCacheImpl) with class java.util.Collections$SynchronizedMap cache map.
2021-12-13 09:12:12,863 - ResourceCache: initialized (class org.apache.velocity.runtime.resource.ResourceCacheImpl) with class java.util.Collections$SynchronizedMap cache map.
2021-12-13 09:12:12,864 - Loaded System Directive: org.apache.velocity.runtime.directive.Stop
2021-12-13 09:12:12,864 - Loaded System Directive: org.apache.velocity.runtime.directive.Stop
2021-12-13 09:12:12,864 - Loaded System Directive: org.apache.velocity.runtime.directive.Define
2021-12-13 09:12:12,864 - Loaded System Directive: org.apache.velocity.runtime.directive.Define
2021-12-13 09:12:12,864 - Loaded System Directive: org.apache.velocity.runtime.directive.Break
2021-12-13 09:12:12,864 - Loaded System Directive: org.apache.velocity.runtime.directive.Break
2021-12-13 09:12:12,865 - Loaded System Directive: org.apache.velocity.runtime.directive.Evaluate
2021-12-13 09:12:12,865 - Loaded System Directive: org.apache.velocity.runtime.directive.Evaluate
2021-12-13 09:12:12,865 - Loaded System Directive: org.apache.velocity.runtime.directive.Literal
2021-12-13 09:12:12,865 - Loaded System Directive: org.apache.velocity.runtime.directive.Literal
2021-12-13 09:12:12,865 - Loaded System Directive: org.apache.velocity.runtime.directive.Macro
2021-12-13 09:12:12,865 - Loaded System Directive: org.apache.velocity.runtime.directive.Macro
2021-12-13 09:12:12,865 - Loaded System Directive: org.apache.velocity.runtime.directive.Parse
2021-12-13 09:12:12,865 - Loaded System Directive: org.apache.velocity.runtime.directive.Parse
2021-12-13 09:12:12,865 - Loaded System Directive: org.apache.velocity.runtime.directive.Include
2021-12-13 09:12:12,865 - Loaded System Directive: org.apache.velocity.runtime.directive.Include
2021-12-13 09:12:12,866 - Loaded System Directive: org.apache.velocity.runtime.directive.Foreach
2021-12-13 09:12:12,866 - Loaded System Directive: org.apache.velocity.runtime.directive.Foreach
2021-12-13 09:12:12,868 - Created '20' parsers.
2021-12-13 09:12:12,868 - Created '20' parsers.
2021-12-13 09:12:12,870 - Velocimacro : "velocimacro.library" is not set.  Trying default library: VM_global_library.vm
2021-12-13 09:12:12,870 - Velocimacro : "velocimacro.library" is not set.  Trying default library: VM_global_library.vm
2021-12-13 09:12:12,871 - Could not load resource 'VM_global_library.vm' from ResourceLoader org.apache.velocity.runtime.resource.loader.ClasspathResourceLoader: ClasspathResourceLoader Error: cannot find resource VM_global_library.vm
2021-12-13 09:12:12,871 - Could not load resource 'VM_global_library.vm' from ResourceLoader org.apache.velocity.runtime.resource.loader.ClasspathResourceLoader: ClasspathResourceLoader Error: cannot find resource VM_global_library.vm
2021-12-13 09:12:12,871 - Velocimacro : Default library not found.
2021-12-13 09:12:12,871 - Velocimacro : Default library not found.
2021-12-13 09:12:12,871 - Velocimacro : allowInline = true : VMs can be defined inline in templates
2021-12-13 09:12:12,871 - Velocimacro : allowInline = true : VMs can be defined inline in templates
2021-12-13 09:12:12,871 - Velocimacro : allowInlineToOverride = false : VMs defined inline may NOT replace previous VM definitions
2021-12-13 09:12:12,871 - Velocimacro : allowInlineToOverride = false : VMs defined inline may NOT replace previous VM definitions
2021-12-13 09:12:12,871 - Velocimacro : allowInlineLocal = false : VMs defined inline will be global in scope if allowed.
2021-12-13 09:12:12,871 - Velocimacro : allowInlineLocal = false : VMs defined inline will be global in scope if allowed.
2021-12-13 09:12:12,871 - Velocimacro : autoload off : VM system will not automatically reload global library macros
2021-12-13 09:12:12,871 - Velocimacro : autoload off : VM system will not automatically reload global library macros
2021-12-13 09:12:12,877 - ResourceManager : found templates/generators/errorpage.vm with loader org.apache.velocity.runtime.resource.loader.ClasspathResourceLoader
2021-12-13 09:12:12,877 - ResourceManager : found templates/generators/errorpage.vm with loader org.apache.velocity.runtime.resource.loader.ClasspathResourceLoader
2021-12-13 09:12:12,885 - ResourceManager : found /templates/headers.vm with loader org.apache.velocity.runtime.resource.loader.ClasspathResourceLoader
2021-12-13 09:12:12,885 - ResourceManager : found /templates/headers.vm with loader org.apache.velocity.runtime.resource.loader.ClasspathResourceLoader
2021-12-13 09:12:12,886 - ResourceManager : found /templates/head.vm with loader org.apache.velocity.runtime.resource.loader.ClasspathResourceLoader
2021-12-13 09:12:12,886 - ResourceManager : found /templates/head.vm with loader org.apache.velocity.runtime.resource.loader.ClasspathResourceLoader
2021-12-13 09:12:12,890 - Velocimacro : added VM stringArray: source=/templates/macros/array.js.vm
2021-12-13 09:12:12,890 - Velocimacro : added VM stringArray: source=/templates/macros/array.js.vm
2021-12-13 09:12:12,890 - Velocimacro : added VM numberArray: source=/templates/macros/array.js.vm
2021-12-13 09:12:12,890 - Velocimacro : added VM numberArray: source=/templates/macros/array.js.vm
2021-12-13 09:12:12,890 - ResourceManager : found /templates/macros/array.js.vm with loader org.apache.velocity.runtime.resource.loader.ClasspathResourceLoader
2021-12-13 09:12:12,890 - ResourceManager : found /templates/macros/array.js.vm with loader org.apache.velocity.runtime.resource.loader.ClasspathResourceLoader
2021-12-13 09:12:12,891 - Velocimacro : added VM includeBuildInfo: source=/templates/macros/page/buildinfo.vm
2021-12-13 09:12:12,891 - Velocimacro : added VM includeBuildInfo: source=/templates/macros/page/buildinfo.vm
2021-12-13 09:12:12,891 - ResourceManager : found /templates/macros/page/buildinfo.vm with loader org.apache.velocity.runtime.resource.loader.ClasspathResourceLoader
2021-12-13 09:12:12,891 - ResourceManager : found /templates/macros/page/buildinfo.vm with loader org.apache.velocity.runtime.resource.loader.ClasspathResourceLoader
2021-12-13 09:12:12,894 - Velocimacro : added VM includeClassifications: source=/templates/macros/page/classifications.vm
2021-12-13 09:12:12,894 - Velocimacro : added VM includeClassifications: source=/templates/macros/page/classifications.vm
2021-12-13 09:12:12,894 - ResourceManager : found /templates/macros/page/classifications.vm with loader org.apache.velocity.runtime.resource.loader.ClasspathResourceLoader
2021-12-13 09:12:12,894 - ResourceManager : found /templates/macros/page/classifications.vm with loader org.apache.velocity.runtime.resource.loader.ClasspathResourceLoader
2021-12-13 09:12:12,896 - Velocimacro : added VM includeLead: source=/templates/macros/page/lead.vm
2021-12-13 09:12:12,896 - Velocimacro : added VM includeLead: source=/templates/macros/page/lead.vm
2021-12-13 09:12:12,896 - ResourceManager : found /templates/macros/page/lead.vm with loader org.apache.velocity.runtime.resource.loader.ClasspathResourceLoader
2021-12-13 09:12:12,896 - ResourceManager : found /templates/macros/page/lead.vm with loader org.apache.velocity.runtime.resource.loader.ClasspathResourceLoader
2021-12-13 09:12:12,901 - Velocimacro : added VM includeNavigation: source=/templates/macros/page/navigation.vm
2021-12-13 09:12:12,901 - Velocimacro : added VM includeNavigation: source=/templates/macros/page/navigation.vm
2021-12-13 09:12:12,901 - ResourceManager : found /templates/macros/page/navigation.vm with loader org.apache.velocity.runtime.resource.loader.ClasspathResourceLoader
2021-12-13 09:12:12,901 - ResourceManager : found /templates/macros/page/navigation.vm with loader org.apache.velocity.runtime.resource.loader.ClasspathResourceLoader
2021-12-13 09:12:12,904 - Velocimacro : added VM includeReportInfo: source=/templates/macros/page/reportInfo.vm
2021-12-13 09:12:12,904 - Velocimacro : added VM includeReportInfo: source=/templates/macros/page/reportInfo.vm
2021-12-13 09:12:12,904 - ResourceManager : found /templates/macros/page/reportInfo.vm with loader org.apache.velocity.runtime.resource.loader.ClasspathResourceLoader
2021-12-13 09:12:12,904 - ResourceManager : found /templates/macros/page/reportInfo.vm with loader org.apache.velocity.runtime.resource.loader.ClasspathResourceLoader
2021-12-13 09:12:12,907 - Velocimacro : added VM includeTitle: source=/templates/macros/page/title.vm
2021-12-13 09:12:12,907 - Velocimacro : added VM includeTitle: source=/templates/macros/page/title.vm
2021-12-13 09:12:12,907 - ResourceManager : found /templates/macros/page/title.vm with loader org.apache.velocity.runtime.resource.loader.ClasspathResourceLoader
2021-12-13 09:12:12,907 - ResourceManager : found /templates/macros/page/title.vm with loader org.apache.velocity.runtime.resource.loader.ClasspathResourceLoader
2021-12-13 09:12:12,909 - Velocimacro : added VM includeExpandingButtons: source=/templates/macros/report/expandAllButtons.vm
2021-12-13 09:12:12,909 - Velocimacro : added VM includeExpandingButtons: source=/templates/macros/report/expandAllButtons.vm
2021-12-13 09:12:12,909 - ResourceManager : found /templates/macros/report/expandAllButtons.vm with loader org.apache.velocity.runtime.resource.loader.ClasspathResourceLoader
2021-12-13 09:12:12,909 - ResourceManager : found /templates/macros/report/expandAllButtons.vm with loader org.apache.velocity.runtime.resource.loader.ClasspathResourceLoader
2021-12-13 09:12:12,914 - Velocimacro : added VM includeReportTable: source=/templates/macros/report/reportTable.vm
2021-12-13 09:12:12,914 - Velocimacro : added VM includeReportTable: source=/templates/macros/report/reportTable.vm
2021-12-13 09:12:12,914 - ResourceManager : found /templates/macros/report/reportTable.vm with loader org.apache.velocity.runtime.resource.loader.ClasspathResourceLoader
2021-12-13 09:12:12,914 - ResourceManager : found /templates/macros/report/reportTable.vm with loader org.apache.velocity.runtime.resource.loader.ClasspathResourceLoader
2021-12-13 09:12:12,916 - Velocimacro : added VM includeReportHeader: source=/templates/macros/report/reportHeader.vm
2021-12-13 09:12:12,916 - Velocimacro : added VM includeReportHeader: source=/templates/macros/report/reportHeader.vm
2021-12-13 09:12:12,916 - ResourceManager : found /templates/macros/report/reportHeader.vm with loader org.apache.velocity.runtime.resource.loader.ClasspathResourceLoader
2021-12-13 09:12:12,916 - ResourceManager : found /templates/macros/report/reportHeader.vm with loader org.apache.velocity.runtime.resource.loader.ClasspathResourceLoader
2021-12-13 09:12:12,925 - Velocimacro : added VM includeStatsTable: source=/templates/macros/report/statsTable.vm
2021-12-13 09:12:12,925 - Velocimacro : added VM includeStatsTable: source=/templates/macros/report/statsTable.vm
2021-12-13 09:12:12,925 - ResourceManager : found /templates/macros/report/statsTable.vm with loader org.apache.velocity.runtime.resource.loader.ClasspathResourceLoader
2021-12-13 09:12:12,925 - ResourceManager : found /templates/macros/report/statsTable.vm with loader org.apache.velocity.runtime.resource.loader.ClasspathResourceLoader
2021-12-13 09:12:12,927 - Velocimacro : added VM includeBrief: source=/templates/macros/json/brief.vm
2021-12-13 09:12:12,927 - Velocimacro : added VM includeBrief: source=/templates/macros/json/brief.vm
2021-12-13 09:12:12,927 - ResourceManager : found /templates/macros/json/brief.vm with loader org.apache.velocity.runtime.resource.loader.ClasspathResourceLoader
2021-12-13 09:12:12,927 - ResourceManager : found /templates/macros/json/brief.vm with loader org.apache.velocity.runtime.resource.loader.ClasspathResourceLoader
2021-12-13 09:12:12,929 - Velocimacro : added VM includeDocString: source=/templates/macros/json/docstring.vm
2021-12-13 09:12:12,929 - Velocimacro : added VM includeDocString: source=/templates/macros/json/docstring.vm
2021-12-13 09:12:12,929 - ResourceManager : found /templates/macros/json/docstring.vm with loader org.apache.velocity.runtime.resource.loader.ClasspathResourceLoader
2021-12-13 09:12:12,929 - ResourceManager : found /templates/macros/json/docstring.vm with loader org.apache.velocity.runtime.resource.loader.ClasspathResourceLoader
2021-12-13 09:12:12,931 - Velocimacro : added VM includeDuration: source=/templates/macros/json/duration.vm
2021-12-13 09:12:12,931 - Velocimacro : added VM includeDuration: source=/templates/macros/json/duration.vm
2021-12-13 09:12:12,931 - ResourceManager : found /templates/macros/json/duration.vm with loader org.apache.velocity.runtime.resource.loader.ClasspathResourceLoader
2021-12-13 09:12:12,931 - ResourceManager : found /templates/macros/json/duration.vm with loader org.apache.velocity.runtime.resource.loader.ClasspathResourceLoader
2021-12-13 09:12:12,935 - Velocimacro : added VM includeElement: source=/templates/macros/json/element.vm
2021-12-13 09:12:12,935 - Velocimacro : added VM includeElement: source=/templates/macros/json/element.vm
2021-12-13 09:12:12,935 - ResourceManager : found /templates/macros/json/element.vm with loader org.apache.velocity.runtime.resource.loader.ClasspathResourceLoader
2021-12-13 09:12:12,935 - ResourceManager : found /templates/macros/json/element.vm with loader org.apache.velocity.runtime.resource.loader.ClasspathResourceLoader
2021-12-13 09:12:12,945 - Velocimacro : added VM includeEmbeddings: source=/templates/macros/json/embeddings.vm
2021-12-13 09:12:12,945 - Velocimacro : added VM includeEmbeddings: source=/templates/macros/json/embeddings.vm
2021-12-13 09:12:12,945 - Velocimacro : added VM includeHtmlEmbedding: source=/templates/macros/json/embeddings.vm
2021-12-13 09:12:12,945 - Velocimacro : added VM includeHtmlEmbedding: source=/templates/macros/json/embeddings.vm
2021-12-13 09:12:12,946 - Velocimacro : added VM includeImageEmbedding: source=/templates/macros/json/embeddings.vm
2021-12-13 09:12:12,946 - Velocimacro : added VM includeImageEmbedding: source=/templates/macros/json/embeddings.vm
2021-12-13 09:12:12,946 - Velocimacro : added VM includeImageReferenceEmbedding: source=/templates/macros/json/embeddings.vm
2021-12-13 09:12:12,946 - Velocimacro : added VM includeImageReferenceEmbedding: source=/templates/macros/json/embeddings.vm
2021-12-13 09:12:12,946 - Velocimacro : added VM includeTextEmbedding: source=/templates/macros/json/embeddings.vm
2021-12-13 09:12:12,946 - Velocimacro : added VM includeTextEmbedding: source=/templates/macros/json/embeddings.vm
2021-12-13 09:12:12,947 - Velocimacro : added VM includeUnknownEmbedding: source=/templates/macros/json/embeddings.vm
2021-12-13 09:12:12,947 - Velocimacro : added VM includeUnknownEmbedding: source=/templates/macros/json/embeddings.vm
2021-12-13 09:12:12,947 - ResourceManager : found /templates/macros/json/embeddings.vm with loader org.apache.velocity.runtime.resource.loader.ClasspathResourceLoader
2021-12-13 09:12:12,947 - ResourceManager : found /templates/macros/json/embeddings.vm with loader org.apache.velocity.runtime.resource.loader.ClasspathResourceLoader
2021-12-13 09:12:12,952 - Velocimacro : added VM includeHooks: source=/templates/macros/json/hooks.vm
2021-12-13 09:12:12,952 - Velocimacro : added VM includeHooks: source=/templates/macros/json/hooks.vm
2021-12-13 09:12:12,952 - ResourceManager : found /templates/macros/json/hooks.vm with loader org.apache.velocity.runtime.resource.loader.ClasspathResourceLoader
2021-12-13 09:12:12,952 - ResourceManager : found /templates/macros/json/hooks.vm with loader org.apache.velocity.runtime.resource.loader.ClasspathResourceLoader
2021-12-13 09:12:12,955 - Velocimacro : added VM includeOutput: source=/templates/macros/json/output.vm
2021-12-13 09:12:12,955 - Velocimacro : added VM includeOutput: source=/templates/macros/json/output.vm
2021-12-13 09:12:12,955 - ResourceManager : found /templates/macros/json/output.vm with loader org.apache.velocity.runtime.resource.loader.ClasspathResourceLoader
2021-12-13 09:12:12,955 - ResourceManager : found /templates/macros/json/output.vm with loader org.apache.velocity.runtime.resource.loader.ClasspathResourceLoader
2021-12-13 09:12:12,957 - Velocimacro : added VM includeMessage: source=/templates/macros/json/message.vm
2021-12-13 09:12:12,957 - Velocimacro : added VM includeMessage: source=/templates/macros/json/message.vm
2021-12-13 09:12:12,957 - ResourceManager : found /templates/macros/json/message.vm with loader org.apache.velocity.runtime.resource.loader.ClasspathResourceLoader
2021-12-13 09:12:12,957 - ResourceManager : found /templates/macros/json/message.vm with loader org.apache.velocity.runtime.resource.loader.ClasspathResourceLoader
2021-12-13 09:12:12,962 - Velocimacro : added VM includeSteps: source=/templates/macros/json/steps.vm
2021-12-13 09:12:12,962 - Velocimacro : added VM includeSteps: source=/templates/macros/json/steps.vm
2021-12-13 09:12:12,962 - ResourceManager : found /templates/macros/json/steps.vm with loader org.apache.velocity.runtime.resource.loader.ClasspathResourceLoader
2021-12-13 09:12:12,962 - ResourceManager : found /templates/macros/json/steps.vm with loader org.apache.velocity.runtime.resource.loader.ClasspathResourceLoader
2021-12-13 09:12:12,964 - Velocimacro : added VM includeTags: source=/templates/macros/json/tags.vm
2021-12-13 09:12:12,964 - Velocimacro : added VM includeTags: source=/templates/macros/json/tags.vm
2021-12-13 09:12:12,964 - ResourceManager : found /templates/macros/json/tags.vm with loader org.apache.velocity.runtime.resource.loader.ClasspathResourceLoader
2021-12-13 09:12:12,964 - ResourceManager : found /templates/macros/json/tags.vm with loader org.apache.velocity.runtime.resource.loader.ClasspathResourceLoader
2021-12-13 09:12:12,965 - VM #includeNavigation: too few arguments to macro. Wanted 1 got 0
2021-12-13 09:12:12,965 - VM #includeNavigation: too few arguments to macro. Wanted 1 got 0
2021-12-13 09:12:12,965 - Left side ($active_tab) of '==' operation has null value. If it is a reference, it may not be in the context or its toString() returned null. /templates/macros/page/navigation.vm[line 14, column 51]
2021-12-13 09:12:12,965 - Left side ($active_tab) of '==' operation has null value. If it is a reference, it may not be in the context or its toString() returned null. /templates/macros/page/navigation.vm[line 14, column 51]
2021-12-13 09:12:12,965 - Left side ($active_tab) of '==' operation has null value. If it is a reference, it may not be in the context or its toString() returned null. /templates/macros/page/navigation.vm[line 15, column 51]
2021-12-13 09:12:12,965 - Left side ($active_tab) of '==' operation has null value. If it is a reference, it may not be in the context or its toString() returned null. /templates/macros/page/navigation.vm[line 15, column 51]
2021-12-13 09:12:12,965 - Left side ($active_tab) of '==' operation has null value. If it is a reference, it may not be in the context or its toString() returned null. /templates/macros/page/navigation.vm[line 16, column 51]
2021-12-13 09:12:12,965 - Left side ($active_tab) of '==' operation has null value. If it is a reference, it may not be in the context or its toString() returned null. /templates/macros/page/navigation.vm[line 16, column 51]
2021-12-13 09:12:12,966 - Left side ($active_tab) of '==' operation has null value. If it is a reference, it may not be in the context or its toString() returned null. /templates/macros/page/navigation.vm[line 20, column 51]
2021-12-13 09:12:12,966 - Left side ($active_tab) of '==' operation has null value. If it is a reference, it may not be in the context or its toString() returned null. /templates/macros/page/navigation.vm[line 20, column 51]
2021-12-13 09:12:12,966 - Null reference [template 'templates/generators/errorpage.vm', line 20, column 85] : $build_number cannot be resolved.
2021-12-13 09:12:12,966 - Null reference [template 'templates/generators/errorpage.vm', line 20, column 85] : $build_number cannot be resolved.
2021-12-13 09:12:12,966 - Null reference [template 'templates/generators/errorpage.vm', line 20, column 85] : $build_number cannot be resolved.
2021-12-13 09:12:12,966 - Null reference [template 'templates/generators/errorpage.vm', line 20, column 85] : $build_number cannot be resolved.
2021-12-13 09:12:12,969 - ResourceManager : found /templates/footer.vm with loader org.apache.velocity.runtime.resource.loader.ClasspathResourceLoader
2021-12-13 09:12:12,969 - ResourceManager : found /templates/footer.vm with loader org.apache.velocity.runtime.resource.loader.ClasspathResourceLoader
2021-12-13 09:15:16,660 - Log4JLogChute initialized using file 'target\velocity.log'
2021-12-13 09:15:16,660 - Initializing Velocity, Calling init()...
2021-12-13 09:15:16,660 - Starting Apache Velocity v1.7 (compiled: 2010-11-19 12:14:37)
2021-12-13 09:15:16,660 - Default Properties File: org\apache\velocity\runtime\defaults\velocity.properties
2021-12-13 09:15:16,660 - Trying to use logger class org.apache.velocity.runtime.log.AvalonLogChute
2021-12-13 09:15:16,660 - Target log system for org.apache.velocity.runtime.log.AvalonLogChute is not available (java.lang.NoClassDefFoundError: org/apache/log/format/Formatter).  Falling back to next log system...
2021-12-13 09:15:16,660 - Trying to use logger class org.apache.velocity.runtime.log.Log4JLogChute
2021-12-13 09:15:16,660 - Using logger class org.apache.velocity.runtime.log.Log4JLogChute
2021-12-13 09:15:16,661 - ResourceLoader instantiated: org.apache.velocity.runtime.resource.loader.ClasspathResourceLoader
2021-12-13 09:15:16,661 - ResourceCache: initialized (class org.apache.velocity.runtime.resource.ResourceCacheImpl) with class java.util.Collections$SynchronizedMap cache map.
2021-12-13 09:15:16,662 - Loaded System Directive: org.apache.velocity.runtime.directive.Stop
2021-12-13 09:15:16,662 - Loaded System Directive: org.apache.velocity.runtime.directive.Define
2021-12-13 09:15:16,662 - Loaded System Directive: org.apache.velocity.runtime.directive.Break
2021-12-13 09:15:16,662 - Loaded System Directive: org.apache.velocity.runtime.directive.Evaluate
2021-12-13 09:15:16,662 - Loaded System Directive: org.apache.velocity.runtime.directive.Literal
2021-12-13 09:15:16,662 - Loaded System Directive: org.apache.velocity.runtime.directive.Macro
2021-12-13 09:15:16,662 - Loaded System Directive: org.apache.velocity.runtime.directive.Parse
2021-12-13 09:15:16,662 - Loaded System Directive: org.apache.velocity.runtime.directive.Include
2021-12-13 09:15:16,662 - Loaded System Directive: org.apache.velocity.runtime.directive.Foreach
2021-12-13 09:15:16,664 - Created '20' parsers.
2021-12-13 09:15:16,664 - Velocimacro : "velocimacro.library" is not set.  Trying default library: VM_global_library.vm
2021-12-13 09:15:16,665 - Could not load resource 'VM_global_library.vm' from ResourceLoader org.apache.velocity.runtime.resource.loader.ClasspathResourceLoader: ClasspathResourceLoader Error: cannot find resource VM_global_library.vm
2021-12-13 09:15:16,665 - Velocimacro : Default library not found.
2021-12-13 09:15:16,665 - Velocimacro : allowInline = true : VMs can be defined inline in templates
2021-12-13 09:15:16,665 - Velocimacro : allowInlineToOverride = false : VMs defined inline may NOT replace previous VM definitions
2021-12-13 09:15:16,665 - Velocimacro : allowInlineLocal = false : VMs defined inline will be global in scope if allowed.
2021-12-13 09:15:16,665 - Velocimacro : autoload off : VM system will not automatically reload global library macros
2021-12-13 09:15:16,669 - ResourceManager : found templates/generators/errorpage.vm with loader org.apache.velocity.runtime.resource.loader.ClasspathResourceLoader
2021-12-13 09:15:16,673 - ResourceManager : found /templates/headers.vm with loader org.apache.velocity.runtime.resource.loader.ClasspathResourceLoader
2021-12-13 09:15:16,673 - ResourceManager : found /templates/head.vm with loader org.apache.velocity.runtime.resource.loader.ClasspathResourceLoader
2021-12-13 09:15:16,674 - Velocimacro : added VM stringArray: source=/templates/macros/array.js.vm
2021-12-13 09:15:16,675 - Velocimacro : added VM numberArray: source=/templates/macros/array.js.vm
2021-12-13 09:15:16,675 - ResourceManager : found /templates/macros/array.js.vm with loader org.apache.velocity.runtime.resource.loader.ClasspathResourceLoader
2021-12-13 09:15:16,676 - Velocimacro : added VM includeBuildInfo: source=/templates/macros/page/buildinfo.vm
2021-12-13 09:15:16,676 - ResourceManager : found /templates/macros/page/buildinfo.vm with loader org.apache.velocity.runtime.resource.loader.ClasspathResourceLoader
2021-12-13 09:15:16,677 - Velocimacro : added VM includeClassifications: source=/templates/macros/page/classifications.vm
2021-12-13 09:15:16,677 - ResourceManager : found /templates/macros/page/classifications.vm with loader org.apache.velocity.runtime.resource.loader.ClasspathResourceLoader
2021-12-13 09:15:16,678 - Velocimacro : added VM includeLead: source=/templates/macros/page/lead.vm
2021-12-13 09:15:16,678 - ResourceManager : found /templates/macros/page/lead.vm with loader org.apache.velocity.runtime.resource.loader.ClasspathResourceLoader
2021-12-13 09:15:16,680 - Velocimacro : added VM includeNavigation: source=/templates/macros/page/navigation.vm
2021-12-13 09:15:16,680 - ResourceManager : found /templates/macros/page/navigation.vm with loader org.apache.velocity.runtime.resource.loader.ClasspathResourceLoader
2021-12-13 09:15:16,680 - Velocimacro : added VM includeReportInfo: source=/templates/macros/page/reportInfo.vm
2021-12-13 09:15:16,680 - ResourceManager : found /templates/macros/page/reportInfo.vm with loader org.apache.velocity.runtime.resource.loader.ClasspathResourceLoader
2021-12-13 09:15:16,681 - Velocimacro : added VM includeTitle: source=/templates/macros/page/title.vm
2021-12-13 09:15:16,681 - ResourceManager : found /templates/macros/page/title.vm with loader org.apache.velocity.runtime.resource.loader.ClasspathResourceLoader
2021-12-13 09:15:16,682 - Velocimacro : added VM includeExpandingButtons: source=/templates/macros/report/expandAllButtons.vm
2021-12-13 09:15:16,682 - ResourceManager : found /templates/macros/report/expandAllButtons.vm with loader org.apache.velocity.runtime.resource.loader.ClasspathResourceLoader
2021-12-13 09:15:16,685 - Velocimacro : added VM includeReportTable: source=/templates/macros/report/reportTable.vm
2021-12-13 09:15:16,685 - ResourceManager : found /templates/macros/report/reportTable.vm with loader org.apache.velocity.runtime.resource.loader.ClasspathResourceLoader
2021-12-13 09:15:16,685 - Velocimacro : added VM includeReportHeader: source=/templates/macros/report/reportHeader.vm
2021-12-13 09:15:16,685 - ResourceManager : found /templates/macros/report/reportHeader.vm with loader org.apache.velocity.runtime.resource.loader.ClasspathResourceLoader
2021-12-13 09:15:16,691 - Velocimacro : added VM includeStatsTable: source=/templates/macros/report/statsTable.vm
2021-12-13 09:15:16,691 - ResourceManager : found /templates/macros/report/statsTable.vm with loader org.apache.velocity.runtime.resource.loader.ClasspathResourceLoader
2021-12-13 09:15:16,693 - Velocimacro : added VM includeBrief: source=/templates/macros/json/brief.vm
2021-12-13 09:15:16,693 - ResourceManager : found /templates/macros/json/brief.vm with loader org.apache.velocity.runtime.resource.loader.ClasspathResourceLoader
2021-12-13 09:15:16,694 - Velocimacro : added VM includeDocString: source=/templates/macros/json/docstring.vm
2021-12-13 09:15:16,694 - ResourceManager : found /templates/macros/json/docstring.vm with loader org.apache.velocity.runtime.resource.loader.ClasspathResourceLoader
2021-12-13 09:15:16,695 - Velocimacro : added VM includeDuration: source=/templates/macros/json/duration.vm
2021-12-13 09:15:16,695 - ResourceManager : found /templates/macros/json/duration.vm with loader org.apache.velocity.runtime.resource.loader.ClasspathResourceLoader
2021-12-13 09:15:16,698 - Velocimacro : added VM includeElement: source=/templates/macros/json/element.vm
2021-12-13 09:15:16,698 - ResourceManager : found /templates/macros/json/element.vm with loader org.apache.velocity.runtime.resource.loader.ClasspathResourceLoader
2021-12-13 09:15:16,715 - Velocimacro : added VM includeEmbeddings: source=/templates/macros/json/embeddings.vm
2021-12-13 09:15:16,715 - Velocimacro : added VM includeHtmlEmbedding: source=/templates/macros/json/embeddings.vm
2021-12-13 09:15:16,716 - Velocimacro : added VM includeImageEmbedding: source=/templates/macros/json/embeddings.vm
2021-12-13 09:15:16,716 - Velocimacro : added VM includeImageReferenceEmbedding: source=/templates/macros/json/embeddings.vm
2021-12-13 09:15:16,716 - Velocimacro : added VM includeTextEmbedding: source=/templates/macros/json/embeddings.vm
2021-12-13 09:15:16,717 - Velocimacro : added VM includeUnknownEmbedding: source=/templates/macros/json/embeddings.vm
2021-12-13 09:15:16,717 - ResourceManager : found /templates/macros/json/embeddings.vm with loader org.apache.velocity.runtime.resource.loader.ClasspathResourceLoader
2021-12-13 09:15:16,721 - Velocimacro : added VM includeHooks: source=/templates/macros/json/hooks.vm
2021-12-13 09:15:16,721 - ResourceManager : found /templates/macros/json/hooks.vm with loader org.apache.velocity.runtime.resource.loader.ClasspathResourceLoader
2021-12-13 09:15:16,725 - Velocimacro : added VM includeOutput: source=/templates/macros/json/output.vm
2021-12-13 09:15:16,725 - ResourceManager : found /templates/macros/json/output.vm with loader org.apache.velocity.runtime.resource.loader.ClasspathResourceLoader
2021-12-13 09:15:16,727 - Velocimacro : added VM includeMessage: source=/templates/macros/json/message.vm
2021-12-13 09:15:16,727 - ResourceManager : found /templates/macros/json/message.vm with loader org.apache.velocity.runtime.resource.loader.ClasspathResourceLoader
2021-12-13 09:15:16,732 - Velocimacro : added VM includeSteps: source=/templates/macros/json/steps.vm
2021-12-13 09:15:16,732 - ResourceManager : found /templates/macros/json/steps.vm with loader org.apache.velocity.runtime.resource.loader.ClasspathResourceLoader
2021-12-13 09:15:16,735 - Velocimacro : added VM includeTags: source=/templates/macros/json/tags.vm
2021-12-13 09:15:16,735 - ResourceManager : found /templates/macros/json/tags.vm with loader org.apache.velocity.runtime.resource.loader.ClasspathResourceLoader
2021-12-13 09:15:16,735 - VM #includeNavigation: too few arguments to macro. Wanted 1 got 0
2021-12-13 09:15:16,735 - Left side ($active_tab) of '==' operation has null value. If it is a reference, it may not be in the context or its toString() returned null. /templates/macros/page/navigation.vm[line 14, column 51]
2021-12-13 09:15:16,735 - Left side ($active_tab) of '==' operation has null value. If it is a reference, it may not be in the context or its toString() returned null. /templates/macros/page/navigation.vm[line 15, column 51]
2021-12-13 09:15:16,736 - Left side ($active_tab) of '==' operation has null value. If it is a reference, it may not be in the context or its toString() returned null. /templates/macros/page/navigation.vm[line 16, column 51]
2021-12-13 09:15:16,736 - Left side ($active_tab) of '==' operation has null value. If it is a reference, it may not be in the context or its toString() returned null. /templates/macros/page/navigation.vm[line 20, column 51]
2021-12-13 09:15:16,738 - Null reference [template 'templates/generators/errorpage.vm', line 20, column 85] : $build_number cannot be resolved.
2021-12-13 09:15:16,738 - Null reference [template 'templates/generators/errorpage.vm', line 20, column 85] : $build_number cannot be resolved.
2021-12-13 09:15:16,742 - ResourceManager : found /templates/footer.vm with loader org.apache.velocity.runtime.resource.loader.ClasspathResourceLoader
